# JRE version: Java(TM) SE Runtime Environment (10.0.1+10) (build 10.0.1+10)
# Java VM: Java HotSpot(TM) 64-Bit Server VM (10.0.1+10, mixed mode, tiered, compressed oops, g1 gc, windows-amd64)
Heap:
 garbage-first heap   total 600064K, used 200437K [0x00000000d0000000, 0x0000000100000000)
  region size 1024K, 71 young (72704K), 1 survivors (1024K)
 Metaspace       used 6997K, capacity 7084K, committed 7296K, reserved 1056768K
  class space    used 556K, capacity 570K, committed 640K, reserved 1048576K
GC Heap History (10 events):
Event: 7.947 GC heap before
{Heap before GC invocations=15 (full 0):
 garbage-first heap   total 600064K, used 488106K [0x00000000d0000000, 0x0000000100000000)
  region size 1024K, 351 young (359424K), 1 survivors (1024K)
 Metaspace       used 6993K, capacity 7084K, committed 7296K, reserved 1056768K
  class space    used 556K, capacity 570K, committed 640K, reserved 1048576K
}
Event: 7.948 GC heap after
{Heap after GC invocations=16 (full 0):
 garbage-first heap   total 600064K, used 129732K [0x00000000d0000000, 0x0000000100000000)
  region size 1024K, 1 young (1024K), 1 survivors (1024K)
 Metaspace       used 6993K, capacity 7084K, committed 7296K, reserved 1056768K
  class space    used 556K, capacity 570K, committed 640K, reserved 1048576K
}
Event: 9.177 GC heap before
{Heap before GC invocations=16 (full 0):
 garbage-first heap   total 600064K, used 488132K [0x00000000d0000000, 0x0000000100000000)
  region size 1024K, 351 young (359424K), 1 survivors (1024K)
 Metaspace       used 6994K, capacity 7084K, committed 7296K, reserved 1056768K
  class space    used 556K, capacity 570K, committed 640K, reserved 1048576K
}
Event: 9.179 GC heap after
{Heap after GC invocations=17 (full 0):
 garbage-first heap   total 600064K, used 129716K [0x00000000d0000000, 0x0000000100000000)
  region size 1024K, 1 young (1024K), 1 survivors (1024K)
 Metaspace       used 6994K, capacity 7084K, committed 7296K, reserved 1056768K
  class space    used 556K, capacity 570K, committed 640K, reserved 1048576K
}
Event: 10.503 GC heap before
{Heap before GC invocations=17 (full 0):
 garbage-first heap   total 600064K, used 488116K [0x00000000d0000000, 0x0000000100000000)
  region size 1024K, 351 young (359424K), 1 survivors (1024K)
 Metaspace       used 6994K, capacity 7084K, committed 7296K, reserved 1056768K
  class space    used 556K, capacity 570K, committed 640K, reserved 1048576K
}
Event: 10.504 GC heap after
{Heap after GC invocations=18 (full 0):
 garbage-first heap   total 600064K, used 129723K [0x00000000d0000000, 0x0000000100000000)
  region size 1024K, 1 young (1024K), 1 survivors (1024K)
 Metaspace       used 6994K, capacity 7084K, committed 7296K, reserved 1056768K
  class space    used 556K, capacity 570K, committed 640K, reserved 1048576K
}
Event: 11.194 GC heap before
{Heap before GC invocations=18 (full 0):
 garbage-first heap   total 600064K, used 488123K [0x00000000d0000000, 0x0000000100000000)
  region size 1024K, 351 young (359424K), 1 survivors (1024K)
 Metaspace       used 6994K, capacity 7084K, committed 7296K, reserved 1056768K
  class space    used 556K, capacity 570K, committed 640K, reserved 1048576K
}
Event: 11.195 GC heap after
{Heap after GC invocations=19 (full 0):
 garbage-first heap   total 600064K, used 129779K [0x00000000d0000000, 0x0000000100000000)
  region size 1024K, 1 young (1024K), 1 survivors (1024K)
 Metaspace       used 6994K, capacity 7084K, committed 7296K, reserved 1056768K
  class space    used 556K, capacity 570K, committed 640K, reserved 1048576K
}
Event: 12.597 GC heap before
{Heap before GC invocations=19 (full 0):
 garbage-first heap   total 600064K, used 488179K [0x00000000d0000000, 0x0000000100000000)
  region size 1024K, 351 young (359424K), 1 survivors (1024K)
 Metaspace       used 6997K, capacity 7084K, committed 7296K, reserved 1056768K
  class space    used 556K, capacity 570K, committed 640K, reserved 1048576K
}
Event: 12.598 GC heap after
{Heap after GC invocations=20 (full 0):
 garbage-first heap   total 600064K, used 129781K [0x00000000d0000000, 0x0000000100000000)
  region size 1024K, 1 young (1024K), 1 survivors (1024K)
 Metaspace       used 6997K, capacity 7084K, committed 7296K, reserved 1056768K
  class space    used 556K, capacity 570K, committed 640K, reserved 1048576K
}

